2018-12-24 18:05:19.400  INFO(2199)[restartedMain] [kr.or.ddit.Application:50] Starting Application on najinsil-ui-MacBook-Air.local with PID 2199 (/Users/najinsil/git/pms/bin/main started by najinsil in /Users/najinsil/git/pms)
2018-12-24 18:05:19.402  INFO(2199)[restartedMain] [kr.or.ddit.Application:679] The following profiles are active: dev
2018-12-24 18:05:20.083  INFO(2199)[restartedMain] [o.s.b.w.e.t.TomcatWebServer:90] Tomcat initialized with port(s): 8081 (https)
2018-12-24 18:05:20.084  INFO(2199)[restartedMain] [o.a.c.core.StandardService:173] Starting service [Tomcat]
2018-12-24 18:05:20.085  INFO(2199)[restartedMain] [o.a.c.core.StandardEngine:173] Starting Servlet Engine: Apache Tomcat/9.0.12
2018-12-24 18:05:20.205  INFO(2199)[restartedMain] [o.a.jasper.servlet.TldScanner:173] At least one JAR was scanned for TLDs yet contained no TLDs. Enable debug logging for this logger for a complete list of JARs that were scanned but no TLDs were found in them. Skipping unneeded JARs during scanning can improve startup time and JSP compilation time.
2018-12-24 18:05:20.209  INFO(2199)[restartedMain] [o.a.c.c.C.[.[localhost].[/]:173] Initializing Spring embedded WebApplicationContext
2018-12-24 18:05:20.209  INFO(2199)[restartedMain] [o.s.web.context.ContextLoader:285] Root WebApplicationContext: initialization completed in 795 ms
2018-12-24 18:05:20.225  INFO(2199)[restartedMain] [o.s.b.w.s.ServletRegistrationBean:186] Servlet dispatcherServlet mapped to [/]
2018-12-24 18:05:20.226  INFO(2199)[restartedMain] [o.s.b.w.s.FilterRegistrationBean:248] Mapping filter: 'characterEncodingFilter' to: [/*]
2018-12-24 18:05:20.227  INFO(2199)[restartedMain] [o.s.b.w.s.FilterRegistrationBean:248] Mapping filter: 'hiddenHttpMethodFilter' to: [/*]
2018-12-24 18:05:20.228  INFO(2199)[restartedMain] [o.s.b.w.s.FilterRegistrationBean:248] Mapping filter: 'formContentFilter' to: [/*]
2018-12-24 18:05:20.229  INFO(2199)[restartedMain] [o.s.b.w.s.FilterRegistrationBean:248] Mapping filter: 'requestContextFilter' to: [/*]
2018-12-24 18:05:20.519  INFO(2199)[restartedMain] [k.o.ddit.commons.schedul.Timer:34] exampleTimer init
2018-12-24 18:05:20.696  INFO(2199)[restartedMain] [o.s.s.c.ThreadPoolTaskExecutor:171] Initializing ExecutorService 'applicationTaskExecutor'
2018-12-24 18:05:20.752  INFO(2199)[restartedMain] [o.s.b.a.w.s.WelcomePageHandlerMapping:61] Adding welcome page template: index
2018-12-24 18:05:20.788  INFO(2199)[restartedMain] [o.s.s.c.ThreadPoolTaskScheduler:171] Initializing ExecutorService 'taskScheduler'
2018-12-24 18:05:20.836  INFO(2199)[restartedMain] [o.s.b.d.a.OptionalLiveReloadServer:57] LiveReload server is running on port 35729
2018-12-24 18:05:20.874  INFO(2199)[restartedMain] [o.s.b.w.e.t.TomcatWebServer:204] Tomcat started on port(s): 8081 (https) with context path ''
2018-12-24 18:05:20.876  INFO(2199)[restartedMain] [kr.or.ddit.Application:59] Started Application in 21.551 seconds (JVM running for 65.86)
2018-12-24 18:05:20.886  INFO(2199)[restartedMain] [o.s.b.d.a.ConditionEvaluationDeltaLoggingListener:56] Condition evaluation unchanged
2018-12-24 18:06:23.738  INFO(2199)[https-jsse-nio-8081-exec-4] [o.a.c.c.C.[.[localhost].[/]:173] Initializing Spring DispatcherServlet 'dispatcherServlet'
2018-12-24 18:06:23.741  INFO(2199)[https-jsse-nio-8081-exec-4] [o.s.w.s.DispatcherServlet:521] Initializing Servlet 'dispatcherServlet'
2018-12-24 18:06:23.756  INFO(2199)[https-jsse-nio-8081-exec-4] [o.s.w.s.DispatcherServlet:543] Completed initialization in 15 ms
2018-12-24 18:06:32.996  INFO(2199)[https-jsse-nio-8081-exec-1] [c.z.hikari.HikariDataSource:110] HikariPool-1 - Starting...
2018-12-24 18:06:38.710  INFO(2199)[https-jsse-nio-8081-exec-1] [c.z.hikari.HikariDataSource:123] HikariPool-1 - Start completed.
2018-12-24 18:06:38.778 DEBUG(2199)[https-jsse-nio-8081-exec-1] [k.o.d.m.m.M.selectUser:159] ==>  Preparing: select * from member where member_mail = ? 
2018-12-24 18:06:39.006 DEBUG(2199)[https-jsse-nio-8081-exec-1] [k.o.d.m.m.M.selectUser:159] ==> Parameters: kkuinsoo@gmail.com(String)
2018-12-24 18:06:39.165 TRACE(2199)[https-jsse-nio-8081-exec-1] [k.o.d.m.m.M.selectUser:165] <==    Columns: MEMBER_MAIL, MEMBER_NAME, MEMBER_PASS, MEMBER_TEL, MEMBER_PROFILE, MEMBER_WITHDRAWAL
2018-12-24 18:06:39.166 TRACE(2199)[https-jsse-nio-8081-exec-1] [k.o.d.m.m.M.selectUser:165] <==        Row: kkuinsoo@gmail.com, 구인수, 79f06f8fde333461739f22090a23cb2a79f6d714bee10de4b4af249294619, 010-9901-1334, /images/구인수.jpg, N
2018-12-24 18:06:39.168 DEBUG(2199)[https-jsse-nio-8081-exec-1] [k.o.d.m.m.M.selectUser:159] <==      Total: 1
2018-12-24 18:06:39.224 DEBUG(2199)[https-jsse-nio-8081-exec-10] [k.o.d.m.m.M.selectMainView:159] ==>  Preparing: SELECT p.project_id, p.project_title, p.project_overview, pm.pmember_position, pm.pmember_bookmark, mail.pmember_member, mem.member_name, mem.member_profile, pCount.pmemberCount FROM project_member pm INNER JOIN project p ON pm.pmember_project = p.project_id INNER JOIN (SELECT pmember_project, pmember_member FROM project_member WHERE pmember_position = 1) mail ON pm.pmember_project = mail.pmember_project INNER JOIN (SELECT member_mail, member_name, member_profile FROM member) mem ON mail.pmember_member = mem.member_mail INNER JOIN (SELECT pmember_project, COUNT(*) pmemberCount FROM project_member WHERE pmember_project IN (SELECT pmember_project FROM project_member WHERE pmember_member = ?) GROUP BY pmember_project) pCount ON pm.pmember_project = pCount.pmember_project WHERE pm.pmember_member = ? and PROJECT_DELETE = 'N' order by to_number(PROJECT_ID) desc 
2018-12-24 18:06:39.225 DEBUG(2199)[https-jsse-nio-8081-exec-10] [k.o.d.m.m.M.selectMainView:159] ==> Parameters: kkuinsoo@gmail.com(String), kkuinsoo@gmail.com(String)
2018-12-24 18:06:39.407 TRACE(2199)[https-jsse-nio-8081-exec-10] [k.o.d.m.m.M.selectMainView:165] <==    Columns: PROJECT_ID, PROJECT_TITLE, PROJECT_OVERVIEW, PMEMBER_POSITION, PMEMBER_BOOKMARK, PMEMBER_MEMBER, MEMBER_NAME, MEMBER_PROFILE, PMEMBERCOUNT
2018-12-24 18:06:39.426 TRACE(2199)[https-jsse-nio-8081-exec-10] [k.o.d.m.m.M.selectMainView:165] <==        Row: 64, 테스트프로젝트1, 테스트 용입니다., 2, Y, blueca1004@naver.com, 김지태, /images/file.png, 3
2018-12-24 18:06:39.430 TRACE(2199)[https-jsse-nio-8081-exec-10] [k.o.d.m.m.M.selectMainView:165] <==        Row: 56, 초대 테스트1, 1234, 2, Y, sally1334@naver.com, 나진실, /images/진시리.bmp, 2
2018-12-24 18:06:39.431 TRACE(2199)[https-jsse-nio-8081-exec-10] [k.o.d.m.m.M.selectMainView:165] <==        Row: 41, NaTrueProject2, 초대 test2, 2, Y, sally1334@naver.com, 나진실, /images/진시리.bmp, 2
2018-12-24 18:06:39.434 TRACE(2199)[https-jsse-nio-8081-exec-10] [k.o.d.m.m.M.selectMainView:165] <==        Row: 40, NaTrueProject1, 인수를 초대하기 위한 테스트, 2, Y, sally1334@naver.com, 나진실, /images/진시리.bmp, 2
2018-12-24 18:06:39.438 TRACE(2199)[https-jsse-nio-8081-exec-10] [k.o.d.m.m.M.selectMainView:165] <==        Row: 21, 오픈시세, 부동산, 2, Y, nlbo1204@naver.com, 김주연, /images/basic.png, 3
2018-12-24 18:06:39.449 TRACE(2199)[https-jsse-nio-8081-exec-10] [k.o.d.m.m.M.selectMainView:165] <==        Row: 19, 지태프로젝트, 지태프로젝트 내용, 1, Y, kkuinsoo@gmail.com, 구인수, /images/구인수.jpg, 1
2018-12-24 18:06:39.451 TRACE(2199)[https-jsse-nio-8081-exec-10] [k.o.d.m.m.M.selectMainView:165] <==        Row: 18, ssss, sssss, 2, N, sally1334@naver.com, 나진실, /images/진시리.bmp, 2
2018-12-24 18:06:39.452 TRACE(2199)[https-jsse-nio-8081-exec-10] [k.o.d.m.m.M.selectMainView:165] <==        Row: 17, testiks, testsa, 2, N, sally1334@naver.com, 나진실, /images/진시리.bmp, 2
2018-12-24 18:06:39.454 TRACE(2199)[https-jsse-nio-8081-exec-10] [k.o.d.m.m.M.selectMainView:165] <==        Row: 15, 만들기테스트, 테스트중입니다 생성에러, 1, Y, kkuinsoo@gmail.com, 구인수, /images/구인수.jpg, 1
2018-12-24 18:06:39.456 TRACE(2199)[https-jsse-nio-8081-exec-10] [k.o.d.m.m.M.selectMainView:165] <==        Row: 10, kkuTest, kkuTest, 1, Y, kkuinsoo@gmail.com, 구인수, /images/구인수.jpg, 2
2018-12-24 18:06:39.471 TRACE(2199)[https-jsse-nio-8081-exec-10] [k.o.d.m.m.M.selectMainView:165] <==        Row: 8, KKuIsLand, 개요란입니다., 1, Y, kkuinsoo@gmail.com, 구인수, /images/구인수.jpg, 2
2018-12-24 18:06:39.473 DEBUG(2199)[https-jsse-nio-8081-exec-10] [k.o.d.m.m.M.selectMainView:159] <==      Total: 11
2018-12-24 18:06:39.615 DEBUG(2199)[https-jsse-nio-8081-exec-10] [k.o.d.m.m.M.selectInviteProject:159] ==>  Preparing: select C.MEMBER_NAME, B.PROJECT_TITLE, B.PROJECT_OVERVIEW, A.PROJECT_INVITE, B.PROJECT_ID from INVITE_PROJECT A, PROJECT B, MEMBER C where C.MEMBER_MAIL = A.MEMBER_MAIL and B.PROJECT_ID = A.PROJECT_ID and A.MEMBER_MAIL = ? 
2018-12-24 18:06:39.616 DEBUG(2199)[https-jsse-nio-8081-exec-10] [k.o.d.m.m.M.selectInviteProject:159] ==> Parameters: kkuinsoo@gmail.com(String)
2018-12-24 18:06:39.630 DEBUG(2199)[https-jsse-nio-8081-exec-10] [k.o.d.m.m.M.selectInviteProject:159] <==      Total: 0
2018-12-24 18:06:40.972 DEBUG(2199)[https-jsse-nio-8081-exec-5] [k.o.d.m.m.M.selectMainView:159] ==>  Preparing: SELECT p.project_id, p.project_title, p.project_overview, pm.pmember_position, pm.pmember_bookmark, mail.pmember_member, mem.member_name, mem.member_profile, pCount.pmemberCount FROM project_member pm INNER JOIN project p ON pm.pmember_project = p.project_id INNER JOIN (SELECT pmember_project, pmember_member FROM project_member WHERE pmember_position = 1) mail ON pm.pmember_project = mail.pmember_project INNER JOIN (SELECT member_mail, member_name, member_profile FROM member) mem ON mail.pmember_member = mem.member_mail INNER JOIN (SELECT pmember_project, COUNT(*) pmemberCount FROM project_member WHERE pmember_project IN (SELECT pmember_project FROM project_member WHERE pmember_member = ?) GROUP BY pmember_project) pCount ON pm.pmember_project = pCount.pmember_project WHERE pm.pmember_member = ? and PROJECT_DELETE = 'N' order by to_number(PROJECT_ID) desc 
2018-12-24 18:06:40.974 DEBUG(2199)[https-jsse-nio-8081-exec-5] [k.o.d.m.m.M.selectMainView:159] ==> Parameters: kkuinsoo@gmail.com(String), kkuinsoo@gmail.com(String)
2018-12-24 18:06:41.116 TRACE(2199)[https-jsse-nio-8081-exec-5] [k.o.d.m.m.M.selectMainView:165] <==    Columns: PROJECT_ID, PROJECT_TITLE, PROJECT_OVERVIEW, PMEMBER_POSITION, PMEMBER_BOOKMARK, PMEMBER_MEMBER, MEMBER_NAME, MEMBER_PROFILE, PMEMBERCOUNT
2018-12-24 18:06:41.116 TRACE(2199)[https-jsse-nio-8081-exec-5] [k.o.d.m.m.M.selectMainView:165] <==        Row: 64, 테스트프로젝트1, 테스트 용입니다., 2, Y, blueca1004@naver.com, 김지태, /images/file.png, 3
2018-12-24 18:06:41.117 TRACE(2199)[https-jsse-nio-8081-exec-5] [k.o.d.m.m.M.selectMainView:165] <==        Row: 56, 초대 테스트1, 1234, 2, Y, sally1334@naver.com, 나진실, /images/진시리.bmp, 2
2018-12-24 18:06:41.118 TRACE(2199)[https-jsse-nio-8081-exec-5] [k.o.d.m.m.M.selectMainView:165] <==        Row: 41, NaTrueProject2, 초대 test2, 2, Y, sally1334@naver.com, 나진실, /images/진시리.bmp, 2
2018-12-24 18:06:41.119 TRACE(2199)[https-jsse-nio-8081-exec-5] [k.o.d.m.m.M.selectMainView:165] <==        Row: 40, NaTrueProject1, 인수를 초대하기 위한 테스트, 2, Y, sally1334@naver.com, 나진실, /images/진시리.bmp, 2
2018-12-24 18:06:41.120 TRACE(2199)[https-jsse-nio-8081-exec-5] [k.o.d.m.m.M.selectMainView:165] <==        Row: 21, 오픈시세, 부동산, 2, Y, nlbo1204@naver.com, 김주연, /images/basic.png, 3
2018-12-24 18:06:41.125 TRACE(2199)[https-jsse-nio-8081-exec-5] [k.o.d.m.m.M.selectMainView:165] <==        Row: 19, 지태프로젝트, 지태프로젝트 내용, 1, Y, kkuinsoo@gmail.com, 구인수, /images/구인수.jpg, 1
2018-12-24 18:06:41.126 TRACE(2199)[https-jsse-nio-8081-exec-5] [k.o.d.m.m.M.selectMainView:165] <==        Row: 18, ssss, sssss, 2, N, sally1334@naver.com, 나진실, /images/진시리.bmp, 2
2018-12-24 18:06:41.129 TRACE(2199)[https-jsse-nio-8081-exec-5] [k.o.d.m.m.M.selectMainView:165] <==        Row: 17, testiks, testsa, 2, N, sally1334@naver.com, 나진실, /images/진시리.bmp, 2
2018-12-24 18:06:41.129 TRACE(2199)[https-jsse-nio-8081-exec-5] [k.o.d.m.m.M.selectMainView:165] <==        Row: 15, 만들기테스트, 테스트중입니다 생성에러, 1, Y, kkuinsoo@gmail.com, 구인수, /images/구인수.jpg, 1
2018-12-24 18:06:41.130 TRACE(2199)[https-jsse-nio-8081-exec-5] [k.o.d.m.m.M.selectMainView:165] <==        Row: 10, kkuTest, kkuTest, 1, Y, kkuinsoo@gmail.com, 구인수, /images/구인수.jpg, 2
2018-12-24 18:06:41.144 TRACE(2199)[https-jsse-nio-8081-exec-5] [k.o.d.m.m.M.selectMainView:165] <==        Row: 8, KKuIsLand, 개요란입니다., 1, Y, kkuinsoo@gmail.com, 구인수, /images/구인수.jpg, 2
2018-12-24 18:06:41.146 DEBUG(2199)[https-jsse-nio-8081-exec-5] [k.o.d.m.m.M.selectMainView:159] <==      Total: 11
2018-12-24 18:06:41.324 DEBUG(2199)[https-jsse-nio-8081-exec-5] [k.o.d.m.m.M.selectInviteProject:159] ==>  Preparing: select C.MEMBER_NAME, B.PROJECT_TITLE, B.PROJECT_OVERVIEW, A.PROJECT_INVITE, B.PROJECT_ID from INVITE_PROJECT A, PROJECT B, MEMBER C where C.MEMBER_MAIL = A.MEMBER_MAIL and B.PROJECT_ID = A.PROJECT_ID and A.MEMBER_MAIL = ? 
2018-12-24 18:06:41.325 DEBUG(2199)[https-jsse-nio-8081-exec-5] [k.o.d.m.m.M.selectInviteProject:159] ==> Parameters: kkuinsoo@gmail.com(String)
2018-12-24 18:06:41.348 DEBUG(2199)[https-jsse-nio-8081-exec-5] [k.o.d.m.m.M.selectInviteProject:159] <==      Total: 0
2018-12-24 18:06:59.267 DEBUG(2199)[https-jsse-nio-8081-exec-9] [k.o.d.m.m.M.selectUser:159] ==>  Preparing: select * from member where member_mail = ? 
2018-12-24 18:06:59.269 DEBUG(2199)[https-jsse-nio-8081-exec-9] [k.o.d.m.m.M.selectUser:159] ==> Parameters: kkuinsoo@gmail.com(String)
2018-12-24 18:06:59.282 TRACE(2199)[https-jsse-nio-8081-exec-9] [k.o.d.m.m.M.selectUser:165] <==    Columns: MEMBER_MAIL, MEMBER_NAME, MEMBER_PASS, MEMBER_TEL, MEMBER_PROFILE, MEMBER_WITHDRAWAL
2018-12-24 18:06:59.283 TRACE(2199)[https-jsse-nio-8081-exec-9] [k.o.d.m.m.M.selectUser:165] <==        Row: kkuinsoo@gmail.com, 구인수, 79f06f8fde333461739f22090a23cb2a79f6d714bee10de4b4af249294619, 010-9901-1334, /images/구인수.jpg, N
2018-12-24 18:06:59.283 DEBUG(2199)[https-jsse-nio-8081-exec-9] [k.o.d.m.m.M.selectUser:159] <==      Total: 1
2018-12-24 18:06:59.295 DEBUG(2199)[https-jsse-nio-8081-exec-9] [k.o.d.m.m.M.totalProjectCnt:159] ==>  Preparing: select count(*) from project_member where pmember_member = ? 
2018-12-24 18:06:59.296 DEBUG(2199)[https-jsse-nio-8081-exec-9] [k.o.d.m.m.M.totalProjectCnt:159] ==> Parameters: kkuinsoo@gmail.com(String)
2018-12-24 18:06:59.309 TRACE(2199)[https-jsse-nio-8081-exec-9] [k.o.d.m.m.M.totalProjectCnt:165] <==    Columns: COUNT(*)
2018-12-24 18:06:59.310 TRACE(2199)[https-jsse-nio-8081-exec-9] [k.o.d.m.m.M.totalProjectCnt:165] <==        Row: 16
2018-12-24 18:06:59.311 DEBUG(2199)[https-jsse-nio-8081-exec-9] [k.o.d.m.m.M.totalProjectCnt:159] <==      Total: 1
2018-12-24 18:06:59.463 DEBUG(2199)[https-jsse-nio-8081-exec-9] [k.o.d.m.m.M.totalEndProjectCnt:159] ==>  Preparing: select count(*) from project where project_eedate is not null 
2018-12-24 18:06:59.466 DEBUG(2199)[https-jsse-nio-8081-exec-9] [k.o.d.m.m.M.totalEndProjectCnt:159] ==> Parameters: 
2018-12-24 18:06:59.483 TRACE(2199)[https-jsse-nio-8081-exec-9] [k.o.d.m.m.M.totalEndProjectCnt:165] <==    Columns: COUNT(*)
2018-12-24 18:06:59.484 TRACE(2199)[https-jsse-nio-8081-exec-9] [k.o.d.m.m.M.totalEndProjectCnt:165] <==        Row: 1
2018-12-24 18:06:59.485 DEBUG(2199)[https-jsse-nio-8081-exec-9] [k.o.d.m.m.M.totalEndProjectCnt:159] <==      Total: 1
2018-12-24 18:06:59.626 DEBUG(2199)[https-jsse-nio-8081-exec-9] [k.o.d.m.m.M.selectProjectCnt:159] ==>  Preparing: SELECT count(*) FROM project_member WHERE pmember_member = ? AND pmember_bookmark = 'Y' 
2018-12-24 18:06:59.627 DEBUG(2199)[https-jsse-nio-8081-exec-9] [k.o.d.m.m.M.selectProjectCnt:159] ==> Parameters: kkuinsoo@gmail.com(String)
2018-12-24 18:06:59.640 TRACE(2199)[https-jsse-nio-8081-exec-9] [k.o.d.m.m.M.selectProjectCnt:165] <==    Columns: COUNT(*)
2018-12-24 18:06:59.641 TRACE(2199)[https-jsse-nio-8081-exec-9] [k.o.d.m.m.M.selectProjectCnt:165] <==        Row: 13
2018-12-24 18:06:59.642 DEBUG(2199)[https-jsse-nio-8081-exec-9] [k.o.d.m.m.M.selectProjectCnt:159] <==      Total: 1
2018-12-24 18:06:59.655 DEBUG(2199)[https-jsse-nio-8081-exec-9] [k.o.d.m.m.M.selectTodoCnt:159] ==>  Preparing: select count(*) from todo where todo_pmember = ? 
2018-12-24 18:06:59.656 DEBUG(2199)[https-jsse-nio-8081-exec-9] [k.o.d.m.m.M.selectTodoCnt:159] ==> Parameters: kkuinsoo@gmail.com(String)
2018-12-24 18:06:59.790 TRACE(2199)[https-jsse-nio-8081-exec-9] [k.o.d.m.m.M.selectTodoCnt:165] <==    Columns: COUNT(*)
2018-12-24 18:06:59.791 TRACE(2199)[https-jsse-nio-8081-exec-9] [k.o.d.m.m.M.selectTodoCnt:165] <==        Row: 8
2018-12-24 18:06:59.792 DEBUG(2199)[https-jsse-nio-8081-exec-9] [k.o.d.m.m.M.selectTodoCnt:159] <==      Total: 1
2018-12-24 18:07:00.359 DEBUG(2199)[https-jsse-nio-8081-exec-11] [k.o.d.m.m.M.mybookmarkselect:159] ==>  Preparing: select * from (select ROWNUM rnum, a.* from (SELECT p.project_title as project_title, p.project_id as project_id, pmem.pmember_member as pmember_member FROM project p INNER JOIN project_member pm ON p.project_id = pm.pmember_project LEFT JOIN (SELECT pmember_project, pmember_member FROM project_member WHERE pmember_position = 1) pmem ON p.project_id = pmem.pmember_project WHERE pm.pmember_member = ? AND pm.pmember_bookmark = 'Y')a) where rnum between 1*10-(10-1) AND 1*10 
2018-12-24 18:07:00.361 DEBUG(2199)[https-jsse-nio-8081-exec-11] [k.o.d.m.m.M.mybookmarkselect:159] ==> Parameters: kkuinsoo@gmail.com(String)
2018-12-24 18:07:00.368 DEBUG(2199)[https-jsse-nio-8081-exec-7] [k.o.d.m.m.M.myprojectselect:159] ==>  Preparing: select * from( select rownum rnum ,a.* from (SELECT (SELECT PROJECT_TITLE FROM PROJECT WHERE PROJECT_ID = PMEMBER_PROJECT) as project_title , PMEMBER_MEMBER as pmember_member , PMEMBER_PROJECT as project_id FROM PROJECT_MEMBER WHERE PMEMBER_MEMBER = ? AND PMEMBER_POSITION = '1' UNION SELECT (SELECT PROJECT_TITLE FROM PROJECT WHERE PROJECT_ID = PMEMBER_PROJECT) , (SELECT B.PMEMBER_MEMBER FROM PROJECT_MEMBER B WHERE B.PMEMBER_PROJECT = A.PMEMBER_PROJECT AND B.PMEMBER_POSITION = 1) , PMEMBER_PROJECT FROM PROJECT_MEMBER A WHERE A.PMEMBER_MEMBER = ? AND A.PMEMBER_POSITION = '2')a) where rnum between 1*10-(10-1) and 1*10 
2018-12-24 18:07:00.369 DEBUG(2199)[https-jsse-nio-8081-exec-4] [k.o.d.m.m.M.myTodoselect:159] ==>  Preparing: select * from (select ROWNUM rnum, a.* from (select todo_content , todo_complet from todo where todo_pmember = ?)a) where rnum between 1*10-(10-1) AND 1*10 
2018-12-24 18:07:00.369 DEBUG(2199)[https-jsse-nio-8081-exec-4] [k.o.d.m.m.M.myTodoselect:159] ==> Parameters: kkuinsoo@gmail.com(String)
2018-12-24 18:07:00.369 DEBUG(2199)[https-jsse-nio-8081-exec-7] [k.o.d.m.m.M.myprojectselect:159] ==> Parameters: kkuinsoo@gmail.com(String), kkuinsoo@gmail.com(String)
2018-12-24 18:07:00.381 TRACE(2199)[https-jsse-nio-8081-exec-4] [k.o.d.m.m.M.myTodoselect:165] <==    Columns: RNUM, TODO_CONTENT, TODO_COMPLET
2018-12-24 18:07:00.382 TRACE(2199)[https-jsse-nio-8081-exec-4] [k.o.d.m.m.M.myTodoselect:165] <==        Row: 1, 완료 작업 확인, Y
2018-12-24 18:07:00.383 TRACE(2199)[https-jsse-nio-8081-exec-4] [k.o.d.m.m.M.myTodoselect:165] <==        Row: 2, 궁수형 :-), N
2018-12-24 18:07:00.383 TRACE(2199)[https-jsse-nio-8081-exec-7] [k.o.d.m.m.M.myprojectselect:165] <==    Columns: RNUM, PROJECT_TITLE, PMEMBER_MEMBER, PROJECT_ID
2018-12-24 18:07:00.385 TRACE(2199)[https-jsse-nio-8081-exec-4] [k.o.d.m.m.M.myTodoselect:165] <==        Row: 3, 궁수형 :-), N
2018-12-24 18:07:00.386 TRACE(2199)[https-jsse-nio-8081-exec-11] [k.o.d.m.m.M.mybookmarkselect:165] <==    Columns: RNUM, PROJECT_TITLE, PROJECT_ID, PMEMBER_MEMBER
2018-12-24 18:07:00.386 TRACE(2199)[https-jsse-nio-8081-exec-4] [k.o.d.m.m.M.myTodoselect:165] <==        Row: 4, 성군되기!, N
2018-12-24 18:07:00.387 TRACE(2199)[https-jsse-nio-8081-exec-11] [k.o.d.m.m.M.mybookmarkselect:165] <==        Row: 1, 테스트프로젝트1, 64, blueca1004@naver.com
2018-12-24 18:07:00.385 TRACE(2199)[https-jsse-nio-8081-exec-7] [k.o.d.m.m.M.myprojectselect:165] <==        Row: 1, 1, kkuinsoo@gmail.com, 20
2018-12-24 18:07:00.388 TRACE(2199)[https-jsse-nio-8081-exec-11] [k.o.d.m.m.M.mybookmarkselect:165] <==        Row: 2, testtttt, 12, kkuinsoo@gmail.com
2018-12-24 18:07:00.388 TRACE(2199)[https-jsse-nio-8081-exec-7] [k.o.d.m.m.M.myprojectselect:165] <==        Row: 2, KKuIsLand, kkuinsoo@gmail.com, 8
2018-12-24 18:07:00.387 TRACE(2199)[https-jsse-nio-8081-exec-4] [k.o.d.m.m.M.myTodoselect:165] <==        Row: 5, 폭군되기!, N
2018-12-24 18:07:00.389 TRACE(2199)[https-jsse-nio-8081-exec-4] [k.o.d.m.m.M.myTodoselect:165] <==        Row: 6, 할일222입니당, N
2018-12-24 18:07:00.389 TRACE(2199)[https-jsse-nio-8081-exec-7] [k.o.d.m.m.M.myprojectselect:165] <==        Row: 3, KuuTeeeeeees, kkuinsoo@gmail.com, 11
2018-12-24 18:07:00.389 TRACE(2199)[https-jsse-nio-8081-exec-11] [k.o.d.m.m.M.mybookmarkselect:165] <==        Row: 3, NaTrueProject1, 40, sally1334@naver.com
2018-12-24 18:07:00.390 TRACE(2199)[https-jsse-nio-8081-exec-7] [k.o.d.m.m.M.myprojectselect:165] <==        Row: 4, NaTrueProject1, sally1334@naver.com, 40
2018-12-24 18:07:00.390 TRACE(2199)[https-jsse-nio-8081-exec-4] [k.o.d.m.m.M.myTodoselect:165] <==        Row: 7, 지태오빠 안뇽~? 왜 바꾸냐 ㅡㅡ , N
2018-12-24 18:07:00.390 TRACE(2199)[https-jsse-nio-8081-exec-11] [k.o.d.m.m.M.mybookmarkselect:165] <==        Row: 4, kkuTest, 10, kkuinsoo@gmail.com
2018-12-24 18:07:00.391 TRACE(2199)[https-jsse-nio-8081-exec-4] [k.o.d.m.m.M.myTodoselect:165] <==        Row: 8, 아니넹 ~~ㅁㅣ안ㅡㅡ , N
2018-12-24 18:07:00.391 TRACE(2199)[https-jsse-nio-8081-exec-11] [k.o.d.m.m.M.mybookmarkselect:165] <==        Row: 5, KuuTeeeeeees, 11, kkuinsoo@gmail.com
2018-12-24 18:07:00.391 TRACE(2199)[https-jsse-nio-8081-exec-7] [k.o.d.m.m.M.myprojectselect:165] <==        Row: 5, NaTrueProject2, sally1334@naver.com, 41
2018-12-24 18:07:00.391 DEBUG(2199)[https-jsse-nio-8081-exec-4] [k.o.d.m.m.M.myTodoselect:159] <==      Total: 8
2018-12-24 18:07:00.391 TRACE(2199)[https-jsse-nio-8081-exec-11] [k.o.d.m.m.M.mybookmarkselect:165] <==        Row: 6, 만들기테스트, 15, kkuinsoo@gmail.com
2018-12-24 18:07:00.391 TRACE(2199)[https-jsse-nio-8081-exec-7] [k.o.d.m.m.M.myprojectselect:165] <==        Row: 6, kkuTest, kkuinsoo@gmail.com, 10
2018-12-24 18:07:00.392 TRACE(2199)[https-jsse-nio-8081-exec-11] [k.o.d.m.m.M.mybookmarkselect:165] <==        Row: 7, NaTrueProject2, 41, sally1334@naver.com
2018-12-24 18:07:00.392 TRACE(2199)[https-jsse-nio-8081-exec-7] [k.o.d.m.m.M.myprojectselect:165] <==        Row: 7, ssss, sally1334@naver.com, 18
2018-12-24 18:07:00.393 TRACE(2199)[https-jsse-nio-8081-exec-11] [k.o.d.m.m.M.mybookmarkselect:165] <==        Row: 8, KKuIsLand, 8, kkuinsoo@gmail.com
2018-12-24 18:07:00.393 TRACE(2199)[https-jsse-nio-8081-exec-7] [k.o.d.m.m.M.myprojectselect:165] <==        Row: 8, testiks, sally1334@naver.com, 17
2018-12-24 18:07:00.394 TRACE(2199)[https-jsse-nio-8081-exec-11] [k.o.d.m.m.M.mybookmarkselect:165] <==        Row: 9, 만들기, 58, kkuinsoo@gmail.com
2018-12-24 18:07:00.395 TRACE(2199)[https-jsse-nio-8081-exec-7] [k.o.d.m.m.M.myprojectselect:165] <==        Row: 9, testtttt, kkuinsoo@gmail.com, 12
2018-12-24 18:07:00.395 TRACE(2199)[https-jsse-nio-8081-exec-11] [k.o.d.m.m.M.mybookmarkselect:165] <==        Row: 10, 지태프로젝트, 19, kkuinsoo@gmail.com
2018-12-24 18:07:00.395 TRACE(2199)[https-jsse-nio-8081-exec-7] [k.o.d.m.m.M.myprojectselect:165] <==        Row: 10, 만들기, kkuinsoo@gmail.com, 58
2018-12-24 18:07:00.400 DEBUG(2199)[https-jsse-nio-8081-exec-2] [k.o.d.m.m.M.myprojectEndselect:159] ==>  Preparing: select * from( select rownum rnum ,a.* from (SELECT (SELECT PROJECT_TITLE FROM PROJECT WHERE PROJECT_ID = PMEMBER_PROJECT) as project_title , PMEMBER_MEMBER as pmember_member , PMEMBER_PROJECT as project_id FROM PROJECT_MEMBER A , PROJECT B where B.project_id = A.pmember_project AND PMEMBER_MEMBER = ? AND PMEMBER_POSITION = '1' AND project_eedate is not null UNION SELECT (SELECT PROJECT_TITLE FROM PROJECT WHERE PROJECT_ID = PMEMBER_PROJECT) , (SELECT B.PMEMBER_MEMBER FROM PROJECT_MEMBER B WHERE B.PMEMBER_PROJECT = A.PMEMBER_PROJECT AND B.PMEMBER_POSITION = 1) , PMEMBER_PROJECT FROM PROJECT_MEMBER A , PROJECT B where B.project_id = A.pmember_project AND A.PMEMBER_MEMBER = ? AND A.PMEMBER_POSITION = '2' AND B.project_eedate is not null)a) where rnum between 1*10-(10-1) and 1*10 
2018-12-24 18:07:00.402 DEBUG(2199)[https-jsse-nio-8081-exec-2] [k.o.d.m.m.M.myprojectEndselect:159] ==> Parameters: kkuinsoo@gmail.com(String), kkuinsoo@gmail.com(String)
2018-12-24 18:07:00.403 DEBUG(2199)[https-jsse-nio-8081-exec-4] [k.o.d.m.m.M.selectTodoCnt:159] ==>  Preparing: select count(*) from todo where todo_pmember = ? 
2018-12-24 18:07:00.404 DEBUG(2199)[https-jsse-nio-8081-exec-4] [k.o.d.m.m.M.selectTodoCnt:159] ==> Parameters: kkuinsoo@gmail.com(String)
2018-12-24 18:07:00.407 DEBUG(2199)[https-jsse-nio-8081-exec-7] [k.o.d.m.m.M.myprojectselect:159] <==      Total: 10
2018-12-24 18:07:00.407 DEBUG(2199)[https-jsse-nio-8081-exec-11] [k.o.d.m.m.M.mybookmarkselect:159] <==      Total: 10
2018-12-24 18:07:00.418 TRACE(2199)[https-jsse-nio-8081-exec-4] [k.o.d.m.m.M.selectTodoCnt:165] <==    Columns: COUNT(*)
2018-12-24 18:07:00.418 TRACE(2199)[https-jsse-nio-8081-exec-2] [k.o.d.m.m.M.myprojectEndselect:165] <==    Columns: RNUM, PROJECT_TITLE, PMEMBER_MEMBER, PROJECT_ID
2018-12-24 18:07:00.418 DEBUG(2199)[https-jsse-nio-8081-exec-7] [k.o.d.m.m.M.totalProjectCnt:159] ==>  Preparing: select count(*) from project_member where pmember_member = ? 
2018-12-24 18:07:00.418 TRACE(2199)[https-jsse-nio-8081-exec-2] [k.o.d.m.m.M.myprojectEndselect:165] <==        Row: 1, kkuTest, kkuinsoo@gmail.com, 10
2018-12-24 18:07:00.418 TRACE(2199)[https-jsse-nio-8081-exec-4] [k.o.d.m.m.M.selectTodoCnt:165] <==        Row: 8
2018-12-24 18:07:00.418 DEBUG(2199)[https-jsse-nio-8081-exec-11] [k.o.d.m.m.M.selectProjectCnt:159] ==>  Preparing: SELECT count(*) FROM project_member WHERE pmember_member = ? AND pmember_bookmark = 'Y' 
2018-12-24 18:07:00.419 DEBUG(2199)[https-jsse-nio-8081-exec-4] [k.o.d.m.m.M.selectTodoCnt:159] <==      Total: 1
2018-12-24 18:07:00.419 DEBUG(2199)[https-jsse-nio-8081-exec-2] [k.o.d.m.m.M.myprojectEndselect:159] <==      Total: 1
2018-12-24 18:07:00.419 DEBUG(2199)[https-jsse-nio-8081-exec-7] [k.o.d.m.m.M.totalProjectCnt:159] ==> Parameters: kkuinsoo@gmail.com(String)
2018-12-24 18:07:00.419 DEBUG(2199)[https-jsse-nio-8081-exec-11] [k.o.d.m.m.M.selectProjectCnt:159] ==> Parameters: kkuinsoo@gmail.com(String)
2018-12-24 18:07:00.430 DEBUG(2199)[https-jsse-nio-8081-exec-2] [k.o.d.m.m.M.totalEndProjectCnt:159] ==>  Preparing: select count(*) from project where project_eedate is not null 
2018-12-24 18:07:00.431 TRACE(2199)[https-jsse-nio-8081-exec-11] [k.o.d.m.m.M.selectProjectCnt:165] <==    Columns: COUNT(*)
2018-12-24 18:07:00.432 TRACE(2199)[https-jsse-nio-8081-exec-11] [k.o.d.m.m.M.selectProjectCnt:165] <==        Row: 13
2018-12-24 18:07:00.432 DEBUG(2199)[https-jsse-nio-8081-exec-11] [k.o.d.m.m.M.selectProjectCnt:159] <==      Total: 1
2018-12-24 18:07:00.431 TRACE(2199)[https-jsse-nio-8081-exec-7] [k.o.d.m.m.M.totalProjectCnt:165] <==    Columns: COUNT(*)
2018-12-24 18:07:00.434 TRACE(2199)[https-jsse-nio-8081-exec-7] [k.o.d.m.m.M.totalProjectCnt:165] <==        Row: 16
2018-12-24 18:07:00.435 DEBUG(2199)[https-jsse-nio-8081-exec-7] [k.o.d.m.m.M.totalProjectCnt:159] <==      Total: 1
2018-12-24 18:07:00.431 DEBUG(2199)[https-jsse-nio-8081-exec-2] [k.o.d.m.m.M.totalEndProjectCnt:159] ==> Parameters: 
2018-12-24 18:07:00.446 TRACE(2199)[https-jsse-nio-8081-exec-2] [k.o.d.m.m.M.totalEndProjectCnt:165] <==    Columns: COUNT(*)
2018-12-24 18:07:00.447 TRACE(2199)[https-jsse-nio-8081-exec-2] [k.o.d.m.m.M.totalEndProjectCnt:165] <==        Row: 1
2018-12-24 18:07:00.448 DEBUG(2199)[https-jsse-nio-8081-exec-2] [k.o.d.m.m.M.totalEndProjectCnt:159] <==      Total: 1
2018-12-24 19:53:17.695  INFO(2199)[RMI TCP Connection(118)-127.0.0.1] [o.s.b.a.SpringApplicationAdminMXBeanRegistrar$SpringApplicationAdmin:164] Application shutdown requested.
2018-12-24 19:53:17.728  INFO(2199)[RMI TCP Connection(118)-127.0.0.1] [o.s.s.c.ThreadPoolTaskScheduler:208] Shutting down ExecutorService 'taskScheduler'
2018-12-24 19:53:17.730  INFO(2199)[RMI TCP Connection(118)-127.0.0.1] [o.s.s.c.ThreadPoolTaskExecutor:208] Shutting down ExecutorService 'applicationTaskExecutor'
2018-12-24 19:53:17.734  INFO(2199)[RMI TCP Connection(118)-127.0.0.1] [c.z.hikari.HikariDataSource:350] HikariPool-1 - Shutdown initiated...
2018-12-24 19:53:18.184  INFO(2199)[RMI TCP Connection(118)-127.0.0.1] [c.z.hikari.HikariDataSource:352] HikariPool-1 - Shutdown completed.
