2018-12-26 00:01:31.905 DEBUG(2533)[https-jsse-nio-8081-exec-5] [k.o.d.m.m.M.selectUser:159] ==>  Preparing: select * from member where member_mail = ? 
2018-12-26 00:01:31.911 DEBUG(2533)[https-jsse-nio-8081-exec-5] [k.o.d.m.m.M.selectUser:159] ==> Parameters: kkuinsoo@gmail.com(String)
2018-12-26 00:01:31.919 TRACE(2533)[https-jsse-nio-8081-exec-5] [k.o.d.m.m.M.selectUser:165] <==    Columns: MEMBER_MAIL, MEMBER_NAME, MEMBER_PASS, MEMBER_TEL, MEMBER_PROFILE, MEMBER_WITHDRAWAL
2018-12-26 00:01:31.919 TRACE(2533)[https-jsse-nio-8081-exec-5] [k.o.d.m.m.M.selectUser:165] <==        Row: kkuinsoo@gmail.com, 구인수, 79f06f8fde333461739f22090a23cb2a79f6d714bee10de4b4af249294619, 010-9901-1334, /images/구인수.jpg, N
2018-12-26 00:01:31.920 DEBUG(2533)[https-jsse-nio-8081-exec-5] [k.o.d.m.m.M.selectUser:159] <==      Total: 1
2018-12-26 00:01:31.938 DEBUG(2533)[https-jsse-nio-8081-exec-1] [k.o.d.m.m.M.selectMainView:159] ==>  Preparing: SELECT p.project_id, p.project_title, p.project_overview, p.project_sdate, p.project_eedate, pm.pmember_position, pm.pmember_bookmark, mail.pmember_member, mem.member_name, mem.member_profile, pCount.pmemberCount FROM project_member pm INNER JOIN project p ON pm.pmember_project = p.project_id INNER JOIN (SELECT pmember_project, pmember_member FROM project_member WHERE pmember_position = 1) mail ON pm.pmember_project = mail.pmember_project INNER JOIN (SELECT member_mail, member_name, member_profile FROM member) mem ON mail.pmember_member = mem.member_mail INNER JOIN (SELECT pmember_project, COUNT(*) pmemberCount FROM project_member WHERE pmember_project IN (SELECT pmember_project FROM project_member WHERE pmember_member = ?) GROUP BY pmember_project) pCount ON pm.pmember_project = pCount.pmember_project WHERE pm.pmember_member = ? and PROJECT_DELETE = 'N' order by to_number(PROJECT_ID) desc 
2018-12-26 00:01:31.939 DEBUG(2533)[https-jsse-nio-8081-exec-1] [k.o.d.m.m.M.selectMainView:159] ==> Parameters: kkuinsoo@gmail.com(String), kkuinsoo@gmail.com(String)
2018-12-26 00:01:31.955 TRACE(2533)[https-jsse-nio-8081-exec-1] [k.o.d.m.m.M.selectMainView:165] <==    Columns: PROJECT_ID, PROJECT_TITLE, PROJECT_OVERVIEW, PROJECT_SDATE, PROJECT_EEDATE, PMEMBER_POSITION, PMEMBER_BOOKMARK, PMEMBER_MEMBER, MEMBER_NAME, MEMBER_PROFILE, PMEMBERCOUNT
2018-12-26 00:01:31.956 TRACE(2533)[https-jsse-nio-8081-exec-1] [k.o.d.m.m.M.selectMainView:165] <==        Row: 64, 테스트프로젝트1, 테스트 용입니다., 2018-12-26 00:00:00.0, null, 2, Y, blueca1004@naver.com, 김지태, /images/file.png, 3
2018-12-26 00:01:31.957 TRACE(2533)[https-jsse-nio-8081-exec-1] [k.o.d.m.m.M.selectMainView:165] <==        Row: 56, 초대 테스트1, 1234, 2018-12-10 00:00:00.0, null, 2, Y, sally1334@naver.com, 나진실, /images/진시리.bmp, 2
2018-12-26 00:01:31.957 TRACE(2533)[https-jsse-nio-8081-exec-1] [k.o.d.m.m.M.selectMainView:165] <==        Row: 41, NaTrueProject2, 초대 test2, 2018-12-11 00:00:00.0, null, 2, Y, sally1334@naver.com, 나진실, /images/진시리.bmp, 2
2018-12-26 00:01:31.958 TRACE(2533)[https-jsse-nio-8081-exec-1] [k.o.d.m.m.M.selectMainView:165] <==        Row: 40, NaTrueProject1, 인수를 초대하기 위한 테스트, 2018-12-08 00:00:00.0, null, 2, Y, sally1334@naver.com, 나진실, /images/진시리.bmp, 2
2018-12-26 00:01:31.959 TRACE(2533)[https-jsse-nio-8081-exec-1] [k.o.d.m.m.M.selectMainView:165] <==        Row: 21, 오픈시세, 부동산, 2018-12-07 00:00:00.0, null, 2, Y, nlbo1204@naver.com, 김주연, /images/basic.png, 3
2018-12-26 00:01:31.961 TRACE(2533)[https-jsse-nio-8081-exec-1] [k.o.d.m.m.M.selectMainView:165] <==        Row: 19, 지태프로젝트, 지태프로젝트 내용, 2018-12-24 00:00:00.0, null, 1, Y, kkuinsoo@gmail.com, 구인수, /images/구인수.jpg, 1
2018-12-26 00:01:31.962 TRACE(2533)[https-jsse-nio-8081-exec-1] [k.o.d.m.m.M.selectMainView:165] <==        Row: 18, ssss, sssss, 2018-12-22 00:00:00.0, null, 2, N, sally1334@naver.com, 나진실, /images/진시리.bmp, 2
2018-12-26 00:01:31.962 TRACE(2533)[https-jsse-nio-8081-exec-1] [k.o.d.m.m.M.selectMainView:165] <==        Row: 17, testiks, testsa, 2018-12-08 00:00:00.0, null, 2, N, sally1334@naver.com, 나진실, /images/진시리.bmp, 2
2018-12-26 00:01:31.963 TRACE(2533)[https-jsse-nio-8081-exec-1] [k.o.d.m.m.M.selectMainView:165] <==        Row: 10, kkuTest, kkuTest, 2018-12-06 00:00:00.0, 2018-12-14 00:00:00.0, 1, Y, kkuinsoo@gmail.com, 구인수, /images/구인수.jpg, 2
2018-12-26 00:01:31.964 TRACE(2533)[https-jsse-nio-8081-exec-1] [k.o.d.m.m.M.selectMainView:165] <==        Row: 8, KKuIsLand, 개요란입니다.!, 2018-12-04 00:00:00.0, 2018-12-29 00:00:00.0, 1, Y, kkuinsoo@gmail.com, 구인수, /images/구인수.jpg, 2
2018-12-26 00:01:31.970 DEBUG(2533)[https-jsse-nio-8081-exec-1] [k.o.d.m.m.M.selectMainView:159] <==      Total: 10
2018-12-26 00:01:31.978 DEBUG(2533)[https-jsse-nio-8081-exec-1] [k.o.d.m.m.M.selectInviteProject:159] ==>  Preparing: select C.MEMBER_NAME, B.PROJECT_TITLE, B.PROJECT_OVERVIEW, A.PROJECT_INVITE, B.PROJECT_ID from INVITE_PROJECT A, PROJECT B, MEMBER C where C.MEMBER_MAIL = A.MEMBER_MAIL and B.PROJECT_ID = A.PROJECT_ID and A.MEMBER_MAIL = ? 
2018-12-26 00:01:31.978 DEBUG(2533)[https-jsse-nio-8081-exec-1] [k.o.d.m.m.M.selectInviteProject:159] ==> Parameters: kkuinsoo@gmail.com(String)
2018-12-26 00:01:31.988 DEBUG(2533)[https-jsse-nio-8081-exec-1] [k.o.d.m.m.M.selectInviteProject:159] <==      Total: 0
2018-12-26 00:01:32.294 DEBUG(2533)[https-jsse-nio-8081-exec-4] [k.o.d.m.m.M.selectMainView:159] ==>  Preparing: SELECT p.project_id, p.project_title, p.project_overview, p.project_sdate, p.project_eedate, pm.pmember_position, pm.pmember_bookmark, mail.pmember_member, mem.member_name, mem.member_profile, pCount.pmemberCount FROM project_member pm INNER JOIN project p ON pm.pmember_project = p.project_id INNER JOIN (SELECT pmember_project, pmember_member FROM project_member WHERE pmember_position = 1) mail ON pm.pmember_project = mail.pmember_project INNER JOIN (SELECT member_mail, member_name, member_profile FROM member) mem ON mail.pmember_member = mem.member_mail INNER JOIN (SELECT pmember_project, COUNT(*) pmemberCount FROM project_member WHERE pmember_project IN (SELECT pmember_project FROM project_member WHERE pmember_member = ?) GROUP BY pmember_project) pCount ON pm.pmember_project = pCount.pmember_project WHERE pm.pmember_member = ? and PROJECT_DELETE = 'N' order by to_number(PROJECT_ID) desc 
2018-12-26 00:01:32.295 DEBUG(2533)[https-jsse-nio-8081-exec-4] [k.o.d.m.m.M.selectMainView:159] ==> Parameters: kkuinsoo@gmail.com(String), kkuinsoo@gmail.com(String)
2018-12-26 00:01:32.304 TRACE(2533)[https-jsse-nio-8081-exec-4] [k.o.d.m.m.M.selectMainView:165] <==    Columns: PROJECT_ID, PROJECT_TITLE, PROJECT_OVERVIEW, PROJECT_SDATE, PROJECT_EEDATE, PMEMBER_POSITION, PMEMBER_BOOKMARK, PMEMBER_MEMBER, MEMBER_NAME, MEMBER_PROFILE, PMEMBERCOUNT
2018-12-26 00:01:32.305 TRACE(2533)[https-jsse-nio-8081-exec-4] [k.o.d.m.m.M.selectMainView:165] <==        Row: 64, 테스트프로젝트1, 테스트 용입니다., 2018-12-26 00:00:00.0, null, 2, Y, blueca1004@naver.com, 김지태, /images/file.png, 3
2018-12-26 00:01:32.305 TRACE(2533)[https-jsse-nio-8081-exec-4] [k.o.d.m.m.M.selectMainView:165] <==        Row: 56, 초대 테스트1, 1234, 2018-12-10 00:00:00.0, null, 2, Y, sally1334@naver.com, 나진실, /images/진시리.bmp, 2
2018-12-26 00:01:32.306 TRACE(2533)[https-jsse-nio-8081-exec-4] [k.o.d.m.m.M.selectMainView:165] <==        Row: 41, NaTrueProject2, 초대 test2, 2018-12-11 00:00:00.0, null, 2, Y, sally1334@naver.com, 나진실, /images/진시리.bmp, 2
2018-12-26 00:01:32.307 TRACE(2533)[https-jsse-nio-8081-exec-4] [k.o.d.m.m.M.selectMainView:165] <==        Row: 40, NaTrueProject1, 인수를 초대하기 위한 테스트, 2018-12-08 00:00:00.0, null, 2, Y, sally1334@naver.com, 나진실, /images/진시리.bmp, 2
2018-12-26 00:01:32.308 TRACE(2533)[https-jsse-nio-8081-exec-4] [k.o.d.m.m.M.selectMainView:165] <==        Row: 21, 오픈시세, 부동산, 2018-12-07 00:00:00.0, null, 2, Y, nlbo1204@naver.com, 김주연, /images/basic.png, 3
2018-12-26 00:01:32.309 TRACE(2533)[https-jsse-nio-8081-exec-4] [k.o.d.m.m.M.selectMainView:165] <==        Row: 19, 지태프로젝트, 지태프로젝트 내용, 2018-12-24 00:00:00.0, null, 1, Y, kkuinsoo@gmail.com, 구인수, /images/구인수.jpg, 1
2018-12-26 00:01:32.310 TRACE(2533)[https-jsse-nio-8081-exec-4] [k.o.d.m.m.M.selectMainView:165] <==        Row: 18, ssss, sssss, 2018-12-22 00:00:00.0, null, 2, N, sally1334@naver.com, 나진실, /images/진시리.bmp, 2
2018-12-26 00:01:32.311 TRACE(2533)[https-jsse-nio-8081-exec-4] [k.o.d.m.m.M.selectMainView:165] <==        Row: 17, testiks, testsa, 2018-12-08 00:00:00.0, null, 2, N, sally1334@naver.com, 나진실, /images/진시리.bmp, 2
2018-12-26 00:01:32.313 TRACE(2533)[https-jsse-nio-8081-exec-4] [k.o.d.m.m.M.selectMainView:165] <==        Row: 10, kkuTest, kkuTest, 2018-12-06 00:00:00.0, 2018-12-14 00:00:00.0, 1, Y, kkuinsoo@gmail.com, 구인수, /images/구인수.jpg, 2
2018-12-26 00:01:32.313 TRACE(2533)[https-jsse-nio-8081-exec-4] [k.o.d.m.m.M.selectMainView:165] <==        Row: 8, KKuIsLand, 개요란입니다.!, 2018-12-04 00:00:00.0, 2018-12-29 00:00:00.0, 1, Y, kkuinsoo@gmail.com, 구인수, /images/구인수.jpg, 2
2018-12-26 00:01:32.319 DEBUG(2533)[https-jsse-nio-8081-exec-4] [k.o.d.m.m.M.selectMainView:159] <==      Total: 10
2018-12-26 00:01:32.325 DEBUG(2533)[https-jsse-nio-8081-exec-4] [k.o.d.m.m.M.selectInviteProject:159] ==>  Preparing: select C.MEMBER_NAME, B.PROJECT_TITLE, B.PROJECT_OVERVIEW, A.PROJECT_INVITE, B.PROJECT_ID from INVITE_PROJECT A, PROJECT B, MEMBER C where C.MEMBER_MAIL = A.MEMBER_MAIL and B.PROJECT_ID = A.PROJECT_ID and A.MEMBER_MAIL = ? 
2018-12-26 00:01:32.326 DEBUG(2533)[https-jsse-nio-8081-exec-4] [k.o.d.m.m.M.selectInviteProject:159] ==> Parameters: kkuinsoo@gmail.com(String)
2018-12-26 00:01:32.333 DEBUG(2533)[https-jsse-nio-8081-exec-4] [k.o.d.m.m.M.selectInviteProject:159] <==      Total: 0
2018-12-26 00:01:48.789 DEBUG(2533)[https-jsse-nio-8081-exec-8] [k.o.d.m.m.M.selectUser:159] ==>  Preparing: select * from member where member_mail = ? 
2018-12-26 00:01:48.790 DEBUG(2533)[https-jsse-nio-8081-exec-8] [k.o.d.m.m.M.selectUser:159] ==> Parameters: sally1334@naver.com(String)
2018-12-26 00:01:48.797 TRACE(2533)[https-jsse-nio-8081-exec-8] [k.o.d.m.m.M.selectUser:165] <==    Columns: MEMBER_MAIL, MEMBER_NAME, MEMBER_PASS, MEMBER_TEL, MEMBER_PROFILE, MEMBER_WITHDRAWAL
2018-12-26 00:01:48.797 TRACE(2533)[https-jsse-nio-8081-exec-8] [k.o.d.m.m.M.selectUser:165] <==        Row: sally1334@naver.com, 나진실, ffe1abd1a8215353c233d6e09613e95eec4253832a761af28ff37ac5a15c, 010-9901-1334, /images/진시리.bmp, N
2018-12-26 00:01:48.798 DEBUG(2533)[https-jsse-nio-8081-exec-8] [k.o.d.m.m.M.selectUser:159] <==      Total: 1
2018-12-26 00:01:48.868 DEBUG(2533)[https-jsse-nio-8081-exec-2] [k.o.d.m.m.M.selectMainView:159] ==>  Preparing: SELECT p.project_id, p.project_title, p.project_overview, p.project_sdate, p.project_eedate, pm.pmember_position, pm.pmember_bookmark, mail.pmember_member, mem.member_name, mem.member_profile, pCount.pmemberCount FROM project_member pm INNER JOIN project p ON pm.pmember_project = p.project_id INNER JOIN (SELECT pmember_project, pmember_member FROM project_member WHERE pmember_position = 1) mail ON pm.pmember_project = mail.pmember_project INNER JOIN (SELECT member_mail, member_name, member_profile FROM member) mem ON mail.pmember_member = mem.member_mail INNER JOIN (SELECT pmember_project, COUNT(*) pmemberCount FROM project_member WHERE pmember_project IN (SELECT pmember_project FROM project_member WHERE pmember_member = ?) GROUP BY pmember_project) pCount ON pm.pmember_project = pCount.pmember_project WHERE pm.pmember_member = ? and PROJECT_DELETE = 'N' order by to_number(PROJECT_ID) desc 
2018-12-26 00:01:48.870 DEBUG(2533)[https-jsse-nio-8081-exec-2] [k.o.d.m.m.M.selectMainView:159] ==> Parameters: sally1334@naver.com(String), sally1334@naver.com(String)
2018-12-26 00:01:48.916 TRACE(2533)[https-jsse-nio-8081-exec-2] [k.o.d.m.m.M.selectMainView:165] <==    Columns: PROJECT_ID, PROJECT_TITLE, PROJECT_OVERVIEW, PROJECT_SDATE, PROJECT_EEDATE, PMEMBER_POSITION, PMEMBER_BOOKMARK, PMEMBER_MEMBER, MEMBER_NAME, MEMBER_PROFILE, PMEMBERCOUNT
2018-12-26 00:01:48.916 TRACE(2533)[https-jsse-nio-8081-exec-2] [k.o.d.m.m.M.selectMainView:165] <==        Row: 64, 테스트프로젝트1, 테스트 용입니다., 2018-12-26 00:00:00.0, null, 2, N, blueca1004@naver.com, 김지태, /images/file.png, 3
2018-12-26 00:01:48.917 TRACE(2533)[https-jsse-nio-8081-exec-2] [k.o.d.m.m.M.selectMainView:165] <==        Row: 57, 초대 테스트21, 123, 2018-12-10 00:00:00.0, null, 1, N, sally1334@naver.com, 나진실, /images/진시리.bmp, 1
2018-12-26 00:01:48.918 TRACE(2533)[https-jsse-nio-8081-exec-2] [k.o.d.m.m.M.selectMainView:165] <==        Row: 56, 초대 테스트1, 1234, 2018-12-10 00:00:00.0, null, 1, Y, sally1334@naver.com, 나진실, /images/진시리.bmp, 2
2018-12-26 00:01:48.918 TRACE(2533)[https-jsse-nio-8081-exec-2] [k.o.d.m.m.M.selectMainView:165] <==        Row: 41, NaTrueProject2, 초대 test2, 2018-12-11 00:00:00.0, null, 1, N, sally1334@naver.com, 나진실, /images/진시리.bmp, 2
2018-12-26 00:01:48.918 TRACE(2533)[https-jsse-nio-8081-exec-2] [k.o.d.m.m.M.selectMainView:165] <==        Row: 40, NaTrueProject1, 인수를 초대하기 위한 테스트, 2018-12-08 00:00:00.0, null, 1, N, sally1334@naver.com, 나진실, /images/진시리.bmp, 2
2018-12-26 00:01:48.919 TRACE(2533)[https-jsse-nio-8081-exec-2] [k.o.d.m.m.M.selectMainView:165] <==        Row: 21, 오픈시세, 부동산, 2018-12-07 00:00:00.0, null, 2, Y, nlbo1204@naver.com, 김주연, /images/basic.png, 3
2018-12-26 00:01:48.919 TRACE(2533)[https-jsse-nio-8081-exec-2] [k.o.d.m.m.M.selectMainView:165] <==        Row: 18, ssss, sssss, 2018-12-22 00:00:00.0, null, 1, N, sally1334@naver.com, 나진실, /images/진시리.bmp, 2
2018-12-26 00:01:48.919 TRACE(2533)[https-jsse-nio-8081-exec-2] [k.o.d.m.m.M.selectMainView:165] <==        Row: 17, testiks, testsa, 2018-12-08 00:00:00.0, null, 1, Y, sally1334@naver.com, 나진실, /images/진시리.bmp, 2
2018-12-26 00:01:48.920 TRACE(2533)[https-jsse-nio-8081-exec-2] [k.o.d.m.m.M.selectMainView:165] <==        Row: 10, kkuTest, kkuTest, 2018-12-06 00:00:00.0, 2018-12-14 00:00:00.0, 2, Y, kkuinsoo@gmail.com, 구인수, /images/구인수.jpg, 2
2018-12-26 00:01:48.920 TRACE(2533)[https-jsse-nio-8081-exec-2] [k.o.d.m.m.M.selectMainView:165] <==        Row: 8, KKuIsLand, 개요란입니다.!, 2018-12-04 00:00:00.0, 2018-12-29 00:00:00.0, 2, N, kkuinsoo@gmail.com, 구인수, /images/구인수.jpg, 2
2018-12-26 00:01:48.989 DEBUG(2533)[https-jsse-nio-8081-exec-2] [k.o.d.m.m.M.selectMainView:159] <==      Total: 10
2018-12-26 00:01:48.996 DEBUG(2533)[https-jsse-nio-8081-exec-2] [k.o.d.m.m.M.selectInviteProject:159] ==>  Preparing: select C.MEMBER_NAME, B.PROJECT_TITLE, B.PROJECT_OVERVIEW, A.PROJECT_INVITE, B.PROJECT_ID from INVITE_PROJECT A, PROJECT B, MEMBER C where C.MEMBER_MAIL = A.MEMBER_MAIL and B.PROJECT_ID = A.PROJECT_ID and A.MEMBER_MAIL = ? 
2018-12-26 00:01:48.996 DEBUG(2533)[https-jsse-nio-8081-exec-2] [k.o.d.m.m.M.selectInviteProject:159] ==> Parameters: sally1334@naver.com(String)
2018-12-26 00:01:49.002 DEBUG(2533)[https-jsse-nio-8081-exec-2] [k.o.d.m.m.M.selectInviteProject:159] <==      Total: 0
2018-12-26 00:01:49.298 DEBUG(2533)[https-jsse-nio-8081-exec-12] [k.o.d.m.m.M.selectMainView:159] ==>  Preparing: SELECT p.project_id, p.project_title, p.project_overview, p.project_sdate, p.project_eedate, pm.pmember_position, pm.pmember_bookmark, mail.pmember_member, mem.member_name, mem.member_profile, pCount.pmemberCount FROM project_member pm INNER JOIN project p ON pm.pmember_project = p.project_id INNER JOIN (SELECT pmember_project, pmember_member FROM project_member WHERE pmember_position = 1) mail ON pm.pmember_project = mail.pmember_project INNER JOIN (SELECT member_mail, member_name, member_profile FROM member) mem ON mail.pmember_member = mem.member_mail INNER JOIN (SELECT pmember_project, COUNT(*) pmemberCount FROM project_member WHERE pmember_project IN (SELECT pmember_project FROM project_member WHERE pmember_member = ?) GROUP BY pmember_project) pCount ON pm.pmember_project = pCount.pmember_project WHERE pm.pmember_member = ? and PROJECT_DELETE = 'N' order by to_number(PROJECT_ID) desc 
2018-12-26 00:01:49.299 DEBUG(2533)[https-jsse-nio-8081-exec-12] [k.o.d.m.m.M.selectMainView:159] ==> Parameters: sally1334@naver.com(String), sally1334@naver.com(String)
2018-12-26 00:01:49.315 TRACE(2533)[https-jsse-nio-8081-exec-12] [k.o.d.m.m.M.selectMainView:165] <==    Columns: PROJECT_ID, PROJECT_TITLE, PROJECT_OVERVIEW, PROJECT_SDATE, PROJECT_EEDATE, PMEMBER_POSITION, PMEMBER_BOOKMARK, PMEMBER_MEMBER, MEMBER_NAME, MEMBER_PROFILE, PMEMBERCOUNT
2018-12-26 00:01:49.316 TRACE(2533)[https-jsse-nio-8081-exec-12] [k.o.d.m.m.M.selectMainView:165] <==        Row: 64, 테스트프로젝트1, 테스트 용입니다., 2018-12-26 00:00:00.0, null, 2, N, blueca1004@naver.com, 김지태, /images/file.png, 3
2018-12-26 00:01:49.317 TRACE(2533)[https-jsse-nio-8081-exec-12] [k.o.d.m.m.M.selectMainView:165] <==        Row: 57, 초대 테스트21, 123, 2018-12-10 00:00:00.0, null, 1, N, sally1334@naver.com, 나진실, /images/진시리.bmp, 1
2018-12-26 00:01:49.318 TRACE(2533)[https-jsse-nio-8081-exec-12] [k.o.d.m.m.M.selectMainView:165] <==        Row: 56, 초대 테스트1, 1234, 2018-12-10 00:00:00.0, null, 1, Y, sally1334@naver.com, 나진실, /images/진시리.bmp, 2
2018-12-26 00:01:49.319 TRACE(2533)[https-jsse-nio-8081-exec-12] [k.o.d.m.m.M.selectMainView:165] <==        Row: 41, NaTrueProject2, 초대 test2, 2018-12-11 00:00:00.0, null, 1, N, sally1334@naver.com, 나진실, /images/진시리.bmp, 2
2018-12-26 00:01:49.320 TRACE(2533)[https-jsse-nio-8081-exec-12] [k.o.d.m.m.M.selectMainView:165] <==        Row: 40, NaTrueProject1, 인수를 초대하기 위한 테스트, 2018-12-08 00:00:00.0, null, 1, N, sally1334@naver.com, 나진실, /images/진시리.bmp, 2
2018-12-26 00:01:49.321 TRACE(2533)[https-jsse-nio-8081-exec-12] [k.o.d.m.m.M.selectMainView:165] <==        Row: 21, 오픈시세, 부동산, 2018-12-07 00:00:00.0, null, 2, Y, nlbo1204@naver.com, 김주연, /images/basic.png, 3
2018-12-26 00:01:49.322 TRACE(2533)[https-jsse-nio-8081-exec-12] [k.o.d.m.m.M.selectMainView:165] <==        Row: 18, ssss, sssss, 2018-12-22 00:00:00.0, null, 1, N, sally1334@naver.com, 나진실, /images/진시리.bmp, 2
2018-12-26 00:01:49.323 TRACE(2533)[https-jsse-nio-8081-exec-12] [k.o.d.m.m.M.selectMainView:165] <==        Row: 17, testiks, testsa, 2018-12-08 00:00:00.0, null, 1, Y, sally1334@naver.com, 나진실, /images/진시리.bmp, 2
2018-12-26 00:01:49.323 TRACE(2533)[https-jsse-nio-8081-exec-12] [k.o.d.m.m.M.selectMainView:165] <==        Row: 10, kkuTest, kkuTest, 2018-12-06 00:00:00.0, 2018-12-14 00:00:00.0, 2, Y, kkuinsoo@gmail.com, 구인수, /images/구인수.jpg, 2
2018-12-26 00:01:49.324 TRACE(2533)[https-jsse-nio-8081-exec-12] [k.o.d.m.m.M.selectMainView:165] <==        Row: 8, KKuIsLand, 개요란입니다.!, 2018-12-04 00:00:00.0, 2018-12-29 00:00:00.0, 2, N, kkuinsoo@gmail.com, 구인수, /images/구인수.jpg, 2
2018-12-26 00:01:49.331 DEBUG(2533)[https-jsse-nio-8081-exec-12] [k.o.d.m.m.M.selectMainView:159] <==      Total: 10
2018-12-26 00:01:49.338 DEBUG(2533)[https-jsse-nio-8081-exec-12] [k.o.d.m.m.M.selectInviteProject:159] ==>  Preparing: select C.MEMBER_NAME, B.PROJECT_TITLE, B.PROJECT_OVERVIEW, A.PROJECT_INVITE, B.PROJECT_ID from INVITE_PROJECT A, PROJECT B, MEMBER C where C.MEMBER_MAIL = A.MEMBER_MAIL and B.PROJECT_ID = A.PROJECT_ID and A.MEMBER_MAIL = ? 
2018-12-26 00:01:49.339 DEBUG(2533)[https-jsse-nio-8081-exec-12] [k.o.d.m.m.M.selectInviteProject:159] ==> Parameters: sally1334@naver.com(String)
2018-12-26 00:01:49.344 DEBUG(2533)[https-jsse-nio-8081-exec-12] [k.o.d.m.m.M.selectInviteProject:159] <==      Total: 0
2018-12-26 00:02:37.855 DEBUG(2533)[https-jsse-nio-8081-exec-7] [k.o.d.m.m.M.selectUser:159] ==>  Preparing: select * from member where member_mail = ? 
2018-12-26 00:02:37.858 DEBUG(2533)[https-jsse-nio-8081-exec-7] [k.o.d.m.m.M.selectUser:159] ==> Parameters: sally1334@naver.com(String)
2018-12-26 00:02:37.866 TRACE(2533)[https-jsse-nio-8081-exec-7] [k.o.d.m.m.M.selectUser:165] <==    Columns: MEMBER_MAIL, MEMBER_NAME, MEMBER_PASS, MEMBER_TEL, MEMBER_PROFILE, MEMBER_WITHDRAWAL
2018-12-26 00:02:37.867 TRACE(2533)[https-jsse-nio-8081-exec-7] [k.o.d.m.m.M.selectUser:165] <==        Row: sally1334@naver.com, 나진실, ffe1abd1a8215353c233d6e09613e95eec4253832a761af28ff37ac5a15c, 010-9901-1334, /images/진시리.bmp, N
2018-12-26 00:02:37.867 DEBUG(2533)[https-jsse-nio-8081-exec-7] [k.o.d.m.m.M.selectUser:159] <==      Total: 1
2018-12-26 00:02:37.874 DEBUG(2533)[https-jsse-nio-8081-exec-7] [k.o.d.m.m.M.totalProjectCnt:159] ==>  Preparing: select count(*) from project_member where pmember_member = ? 
2018-12-26 00:02:37.875 DEBUG(2533)[https-jsse-nio-8081-exec-7] [k.o.d.m.m.M.totalProjectCnt:159] ==> Parameters: sally1334@naver.com(String)
2018-12-26 00:02:37.886 TRACE(2533)[https-jsse-nio-8081-exec-7] [k.o.d.m.m.M.totalProjectCnt:165] <==    Columns: COUNT(*)
2018-12-26 00:02:37.887 TRACE(2533)[https-jsse-nio-8081-exec-7] [k.o.d.m.m.M.totalProjectCnt:165] <==        Row: 12
2018-12-26 00:02:37.887 DEBUG(2533)[https-jsse-nio-8081-exec-7] [k.o.d.m.m.M.totalProjectCnt:159] <==      Total: 1
2018-12-26 00:02:37.895 DEBUG(2533)[https-jsse-nio-8081-exec-7] [k.o.d.m.m.M.totalEndProjectCnt:159] ==>  Preparing: select count(*) from project where project_eedate is not null 
2018-12-26 00:02:37.896 DEBUG(2533)[https-jsse-nio-8081-exec-7] [k.o.d.m.m.M.totalEndProjectCnt:159] ==> Parameters: 
2018-12-26 00:02:37.940 TRACE(2533)[https-jsse-nio-8081-exec-7] [k.o.d.m.m.M.totalEndProjectCnt:165] <==    Columns: COUNT(*)
2018-12-26 00:02:37.941 TRACE(2533)[https-jsse-nio-8081-exec-7] [k.o.d.m.m.M.totalEndProjectCnt:165] <==        Row: 2
2018-12-26 00:02:37.942 DEBUG(2533)[https-jsse-nio-8081-exec-7] [k.o.d.m.m.M.totalEndProjectCnt:159] <==      Total: 1
2018-12-26 00:02:37.949 DEBUG(2533)[https-jsse-nio-8081-exec-7] [k.o.d.m.m.M.selectProjectCnt:159] ==>  Preparing: SELECT count(*) FROM project_member WHERE pmember_member = ? AND pmember_bookmark = 'Y' 
2018-12-26 00:02:37.949 DEBUG(2533)[https-jsse-nio-8081-exec-7] [k.o.d.m.m.M.selectProjectCnt:159] ==> Parameters: sally1334@naver.com(String)
2018-12-26 00:02:37.957 TRACE(2533)[https-jsse-nio-8081-exec-7] [k.o.d.m.m.M.selectProjectCnt:165] <==    Columns: COUNT(*)
2018-12-26 00:02:37.958 TRACE(2533)[https-jsse-nio-8081-exec-7] [k.o.d.m.m.M.selectProjectCnt:165] <==        Row: 5
2018-12-26 00:02:37.958 DEBUG(2533)[https-jsse-nio-8081-exec-7] [k.o.d.m.m.M.selectProjectCnt:159] <==      Total: 1
2018-12-26 00:02:37.965 DEBUG(2533)[https-jsse-nio-8081-exec-7] [k.o.d.m.m.M.selectTodoCnt:159] ==>  Preparing: select count(*) from todo where todo_pmember = ? 
2018-12-26 00:02:37.966 DEBUG(2533)[https-jsse-nio-8081-exec-7] [k.o.d.m.m.M.selectTodoCnt:159] ==> Parameters: sally1334@naver.com(String)
2018-12-26 00:02:37.972 TRACE(2533)[https-jsse-nio-8081-exec-7] [k.o.d.m.m.M.selectTodoCnt:165] <==    Columns: COUNT(*)
2018-12-26 00:02:37.973 TRACE(2533)[https-jsse-nio-8081-exec-7] [k.o.d.m.m.M.selectTodoCnt:165] <==        Row: 2
2018-12-26 00:02:37.974 DEBUG(2533)[https-jsse-nio-8081-exec-7] [k.o.d.m.m.M.selectTodoCnt:159] <==      Total: 1
2018-12-26 00:02:38.368 DEBUG(2533)[https-jsse-nio-8081-exec-1] [k.o.d.m.m.M.mybookmarkselect:159] ==>  Preparing: select * from (select ROWNUM rnum, a.* from (SELECT p.project_title as project_title, p.project_id as project_id, pmem.pmember_member as pmember_member FROM project p INNER JOIN project_member pm ON p.project_id = pm.pmember_project LEFT JOIN (SELECT pmember_project, pmember_member FROM project_member WHERE pmember_position = 1) pmem ON p.project_id = pmem.pmember_project WHERE pm.pmember_member = ? AND pm.pmember_bookmark = 'Y')a) where rnum between 1*10-(10-1) AND 1*10 
2018-12-26 00:02:38.369 DEBUG(2533)[https-jsse-nio-8081-exec-12] [k.o.d.m.m.M.myprojectEndselect:159] ==>  Preparing: select * from( select rownum rnum ,a.* from (SELECT (SELECT PROJECT_TITLE FROM PROJECT WHERE PROJECT_ID = PMEMBER_PROJECT) as project_title , PMEMBER_MEMBER as pmember_member , PMEMBER_PROJECT as project_id FROM PROJECT_MEMBER A , PROJECT B where B.project_id = A.pmember_project AND PMEMBER_MEMBER = ? AND PMEMBER_POSITION = '1' AND project_eedate is not null UNION SELECT (SELECT PROJECT_TITLE FROM PROJECT WHERE PROJECT_ID = PMEMBER_PROJECT) , (SELECT B.PMEMBER_MEMBER FROM PROJECT_MEMBER B WHERE B.PMEMBER_PROJECT = A.PMEMBER_PROJECT AND B.PMEMBER_POSITION = 1) , PMEMBER_PROJECT FROM PROJECT_MEMBER A , PROJECT B where B.project_id = A.pmember_project AND A.PMEMBER_MEMBER = ? AND A.PMEMBER_POSITION = '2' AND B.project_eedate is not null)a) where rnum between 1*10-(10-1) and 1*10 
2018-12-26 00:02:38.369 DEBUG(2533)[https-jsse-nio-8081-exec-1] [k.o.d.m.m.M.mybookmarkselect:159] ==> Parameters: sally1334@naver.com(String)
2018-12-26 00:02:38.369 DEBUG(2533)[https-jsse-nio-8081-exec-12] [k.o.d.m.m.M.myprojectEndselect:159] ==> Parameters: sally1334@naver.com(String), sally1334@naver.com(String)
2018-12-26 00:02:38.370 DEBUG(2533)[https-jsse-nio-8081-exec-3] [k.o.d.m.m.M.myTodoselect:159] ==>  Preparing: select * from (select ROWNUM rnum, a.* from (select todo_content , todo_complet from todo where todo_pmember = ?)a) where rnum between 1*10-(10-1) AND 1*10 
2018-12-26 00:02:38.370 DEBUG(2533)[https-jsse-nio-8081-exec-4] [k.o.d.m.m.M.myprojectselect:159] ==>  Preparing: select * from( select rownum rnum ,a.* from (SELECT (SELECT PROJECT_TITLE FROM PROJECT WHERE PROJECT_ID = PMEMBER_PROJECT) as project_title , PMEMBER_MEMBER as pmember_member , PMEMBER_PROJECT as project_id FROM PROJECT_MEMBER WHERE PMEMBER_MEMBER = ? AND PMEMBER_POSITION = '1' UNION SELECT (SELECT PROJECT_TITLE FROM PROJECT WHERE PROJECT_ID = PMEMBER_PROJECT) , (SELECT B.PMEMBER_MEMBER FROM PROJECT_MEMBER B WHERE B.PMEMBER_PROJECT = A.PMEMBER_PROJECT AND B.PMEMBER_POSITION = 1) , PMEMBER_PROJECT FROM PROJECT_MEMBER A WHERE A.PMEMBER_MEMBER = ? AND A.PMEMBER_POSITION = '2')a) where rnum between 1*10-(10-1) and 1*10 
2018-12-26 00:02:38.371 DEBUG(2533)[https-jsse-nio-8081-exec-4] [k.o.d.m.m.M.myprojectselect:159] ==> Parameters: sally1334@naver.com(String), sally1334@naver.com(String)
2018-12-26 00:02:38.371 DEBUG(2533)[https-jsse-nio-8081-exec-3] [k.o.d.m.m.M.myTodoselect:159] ==> Parameters: sally1334@naver.com(String)
2018-12-26 00:02:38.380 TRACE(2533)[https-jsse-nio-8081-exec-3] [k.o.d.m.m.M.myTodoselect:165] <==    Columns: RNUM, TODO_CONTENT, TODO_COMPLET
2018-12-26 00:02:38.381 TRACE(2533)[https-jsse-nio-8081-exec-12] [k.o.d.m.m.M.myprojectEndselect:165] <==    Columns: RNUM, PROJECT_TITLE, PMEMBER_MEMBER, PROJECT_ID
2018-12-26 00:02:38.382 TRACE(2533)[https-jsse-nio-8081-exec-12] [k.o.d.m.m.M.myprojectEndselect:165] <==        Row: 1, KKuIsLand, kkuinsoo@gmail.com, 8
2018-12-26 00:02:38.382 TRACE(2533)[https-jsse-nio-8081-exec-4] [k.o.d.m.m.M.myprojectselect:165] <==    Columns: RNUM, PROJECT_TITLE, PMEMBER_MEMBER, PROJECT_ID
2018-12-26 00:02:38.383 TRACE(2533)[https-jsse-nio-8081-exec-4] [k.o.d.m.m.M.myprojectselect:165] <==        Row: 1, KKuIsLand, kkuinsoo@gmail.com, 8
2018-12-26 00:02:38.384 TRACE(2533)[https-jsse-nio-8081-exec-4] [k.o.d.m.m.M.myprojectselect:165] <==        Row: 2, KuuTeeeeeees, kkuinsoo@gmail.com, 11
2018-12-26 00:02:38.384 TRACE(2533)[https-jsse-nio-8081-exec-1] [k.o.d.m.m.M.mybookmarkselect:165] <==    Columns: RNUM, PROJECT_TITLE, PROJECT_ID, PMEMBER_MEMBER
2018-12-26 00:02:38.386 TRACE(2533)[https-jsse-nio-8081-exec-4] [k.o.d.m.m.M.myprojectselect:165] <==        Row: 3, NaTrueProject1, sally1334@naver.com, 40
2018-12-26 00:02:38.386 TRACE(2533)[https-jsse-nio-8081-exec-1] [k.o.d.m.m.M.mybookmarkselect:165] <==        Row: 1, kkuTest, 10, kkuinsoo@gmail.com
2018-12-26 00:02:38.387 TRACE(2533)[https-jsse-nio-8081-exec-4] [k.o.d.m.m.M.myprojectselect:165] <==        Row: 4, NaTrueProject2, sally1334@naver.com, 41
2018-12-26 00:02:38.387 TRACE(2533)[https-jsse-nio-8081-exec-1] [k.o.d.m.m.M.mybookmarkselect:165] <==        Row: 2, KuuTeeeeeees, 11, kkuinsoo@gmail.com
2018-12-26 00:02:38.381 TRACE(2533)[https-jsse-nio-8081-exec-3] [k.o.d.m.m.M.myTodoselect:165] <==        Row: 1, 할일1입니당, N
2018-12-26 00:02:38.388 TRACE(2533)[https-jsse-nio-8081-exec-4] [k.o.d.m.m.M.myprojectselect:165] <==        Row: 5, kkuTest, kkuinsoo@gmail.com, 10
2018-12-26 00:02:38.383 TRACE(2533)[https-jsse-nio-8081-exec-12] [k.o.d.m.m.M.myprojectEndselect:165] <==        Row: 2, kkuTest, kkuinsoo@gmail.com, 10
2018-12-26 00:02:38.388 TRACE(2533)[https-jsse-nio-8081-exec-1] [k.o.d.m.m.M.mybookmarkselect:165] <==        Row: 3, testiks, 17, sally1334@naver.com
2018-12-26 00:02:38.388 TRACE(2533)[https-jsse-nio-8081-exec-4] [k.o.d.m.m.M.myprojectselect:165] <==        Row: 6, ssss, sally1334@naver.com, 18
2018-12-26 00:02:38.388 TRACE(2533)[https-jsse-nio-8081-exec-3] [k.o.d.m.m.M.myTodoselect:165] <==        Row: 2, 병원가기, N
2018-12-26 00:02:38.389 DEBUG(2533)[https-jsse-nio-8081-exec-12] [k.o.d.m.m.M.myprojectEndselect:159] <==      Total: 2
2018-12-26 00:02:38.389 TRACE(2533)[https-jsse-nio-8081-exec-1] [k.o.d.m.m.M.mybookmarkselect:165] <==        Row: 4, 초대 테스트1, 56, sally1334@naver.com
2018-12-26 00:02:38.390 TRACE(2533)[https-jsse-nio-8081-exec-4] [k.o.d.m.m.M.myprojectselect:165] <==        Row: 7, testiks, sally1334@naver.com, 17
2018-12-26 00:02:38.392 TRACE(2533)[https-jsse-nio-8081-exec-1] [k.o.d.m.m.M.mybookmarkselect:165] <==        Row: 5, 오픈시세, 21, nlbo1204@naver.com
2018-12-26 00:02:38.391 DEBUG(2533)[https-jsse-nio-8081-exec-3] [k.o.d.m.m.M.myTodoselect:159] <==      Total: 2
2018-12-26 00:02:38.392 DEBUG(2533)[https-jsse-nio-8081-exec-1] [k.o.d.m.m.M.mybookmarkselect:159] <==      Total: 5
2018-12-26 00:02:38.392 TRACE(2533)[https-jsse-nio-8081-exec-4] [k.o.d.m.m.M.myprojectselect:165] <==        Row: 8, 만들기, kkuinsoo@gmail.com, 58
2018-12-26 00:02:38.393 TRACE(2533)[https-jsse-nio-8081-exec-4] [k.o.d.m.m.M.myprojectselect:165] <==        Row: 9, 오픈시세, nlbo1204@naver.com, 21
2018-12-26 00:02:38.393 TRACE(2533)[https-jsse-nio-8081-exec-4] [k.o.d.m.m.M.myprojectselect:165] <==        Row: 10, 초대 테스트1, sally1334@naver.com, 56
2018-12-26 00:02:38.398 DEBUG(2533)[https-jsse-nio-8081-exec-12] [k.o.d.m.m.M.totalEndProjectCnt:159] ==>  Preparing: select count(*) from project where project_eedate is not null 
2018-12-26 00:02:38.398 DEBUG(2533)[https-jsse-nio-8081-exec-3] [k.o.d.m.m.M.selectTodoCnt:159] ==>  Preparing: select count(*) from todo where todo_pmember = ? 
2018-12-26 00:02:38.399 DEBUG(2533)[https-jsse-nio-8081-exec-12] [k.o.d.m.m.M.totalEndProjectCnt:159] ==> Parameters: 
2018-12-26 00:02:38.399 DEBUG(2533)[https-jsse-nio-8081-exec-3] [k.o.d.m.m.M.selectTodoCnt:159] ==> Parameters: sally1334@naver.com(String)
2018-12-26 00:02:38.400 DEBUG(2533)[https-jsse-nio-8081-exec-1] [k.o.d.m.m.M.selectProjectCnt:159] ==>  Preparing: SELECT count(*) FROM project_member WHERE pmember_member = ? AND pmember_bookmark = 'Y' 
2018-12-26 00:02:38.401 DEBUG(2533)[https-jsse-nio-8081-exec-4] [k.o.d.m.m.M.myprojectselect:159] <==      Total: 10
2018-12-26 00:02:38.401 DEBUG(2533)[https-jsse-nio-8081-exec-1] [k.o.d.m.m.M.selectProjectCnt:159] ==> Parameters: sally1334@naver.com(String)
2018-12-26 00:02:38.532 TRACE(2533)[https-jsse-nio-8081-exec-3] [k.o.d.m.m.M.selectTodoCnt:165] <==    Columns: COUNT(*)
2018-12-26 00:02:38.533 TRACE(2533)[https-jsse-nio-8081-exec-3] [k.o.d.m.m.M.selectTodoCnt:165] <==        Row: 2
2018-12-26 00:02:38.534 DEBUG(2533)[https-jsse-nio-8081-exec-3] [k.o.d.m.m.M.selectTodoCnt:159] <==      Total: 1
2018-12-26 00:02:38.535 TRACE(2533)[https-jsse-nio-8081-exec-12] [k.o.d.m.m.M.totalEndProjectCnt:165] <==    Columns: COUNT(*)
2018-12-26 00:02:38.535 TRACE(2533)[https-jsse-nio-8081-exec-12] [k.o.d.m.m.M.totalEndProjectCnt:165] <==        Row: 2
2018-12-26 00:02:38.535 TRACE(2533)[https-jsse-nio-8081-exec-1] [k.o.d.m.m.M.selectProjectCnt:165] <==    Columns: COUNT(*)
2018-12-26 00:02:38.536 DEBUG(2533)[https-jsse-nio-8081-exec-12] [k.o.d.m.m.M.totalEndProjectCnt:159] <==      Total: 1
2018-12-26 00:02:38.536 TRACE(2533)[https-jsse-nio-8081-exec-1] [k.o.d.m.m.M.selectProjectCnt:165] <==        Row: 5
2018-12-26 00:02:38.535 DEBUG(2533)[https-jsse-nio-8081-exec-4] [k.o.d.m.m.M.totalProjectCnt:159] ==>  Preparing: select count(*) from project_member where pmember_member = ? 
2018-12-26 00:02:38.536 DEBUG(2533)[https-jsse-nio-8081-exec-1] [k.o.d.m.m.M.selectProjectCnt:159] <==      Total: 1
2018-12-26 00:02:38.537 DEBUG(2533)[https-jsse-nio-8081-exec-4] [k.o.d.m.m.M.totalProjectCnt:159] ==> Parameters: sally1334@naver.com(String)
2018-12-26 00:02:38.666 TRACE(2533)[https-jsse-nio-8081-exec-4] [k.o.d.m.m.M.totalProjectCnt:165] <==    Columns: COUNT(*)
2018-12-26 00:02:38.667 TRACE(2533)[https-jsse-nio-8081-exec-4] [k.o.d.m.m.M.totalProjectCnt:165] <==        Row: 12
2018-12-26 00:02:38.668 DEBUG(2533)[https-jsse-nio-8081-exec-4] [k.o.d.m.m.M.totalProjectCnt:159] <==      Total: 1
2018-12-26 00:39:12.415  INFO(2533)[Thread-1470] [o.s.s.c.ThreadPoolTaskScheduler:208] Shutting down ExecutorService 'taskScheduler'
2018-12-26 00:39:12.415  INFO(2533)[Thread-1470] [o.s.s.c.ThreadPoolTaskExecutor:208] Shutting down ExecutorService 'applicationTaskExecutor'
2018-12-26 00:39:12.416  INFO(2533)[Thread-1470] [c.z.hikari.HikariDataSource:350] HikariPool-11 - Shutdown initiated...
2018-12-26 00:39:12.636  INFO(2533)[Thread-1470] [c.z.hikari.HikariDataSource:352] HikariPool-11 - Shutdown completed.
2018-12-26 00:39:33.122  INFO(2533)[restartedMain] [kr.or.ddit.Application:50] Starting Application on najinsil-ui-MacBook-Air.local with PID 2533 (/Users/najinsil/git/pms/bin/main started by najinsil in /Users/najinsil/git/pms)
2018-12-26 00:39:33.123  INFO(2533)[restartedMain] [kr.or.ddit.Application:679] The following profiles are active: dev
2018-12-26 00:39:33.571  INFO(2533)[restartedMain] [o.s.b.w.e.t.TomcatWebServer:90] Tomcat initialized with port(s): 8081 (https)
2018-12-26 00:39:33.572  INFO(2533)[restartedMain] [o.a.c.core.StandardService:173] Starting service [Tomcat]
2018-12-26 00:39:33.572  INFO(2533)[restartedMain] [o.a.c.core.StandardEngine:173] Starting Servlet Engine: Apache Tomcat/9.0.12
2018-12-26 00:39:33.687  INFO(2533)[restartedMain] [o.a.jasper.servlet.TldScanner:173] At least one JAR was scanned for TLDs yet contained no TLDs. Enable debug logging for this logger for a complete list of JARs that were scanned but no TLDs were found in them. Skipping unneeded JARs during scanning can improve startup time and JSP compilation time.
2018-12-26 00:39:33.688  INFO(2533)[restartedMain] [o.a.c.c.C.[.[localhost].[/]:173] Initializing Spring embedded WebApplicationContext
2018-12-26 00:39:33.689  INFO(2533)[restartedMain] [o.s.web.context.ContextLoader:285] Root WebApplicationContext: initialization completed in 561 ms
2018-12-26 00:39:33.705  INFO(2533)[restartedMain] [o.s.b.w.s.ServletRegistrationBean:186] Servlet dispatcherServlet mapped to [/]
2018-12-26 00:39:33.706  INFO(2533)[restartedMain] [o.s.b.w.s.FilterRegistrationBean:248] Mapping filter: 'characterEncodingFilter' to: [/*]
2018-12-26 00:39:33.706  INFO(2533)[restartedMain] [o.s.b.w.s.FilterRegistrationBean:248] Mapping filter: 'hiddenHttpMethodFilter' to: [/*]
2018-12-26 00:39:33.706  INFO(2533)[restartedMain] [o.s.b.w.s.FilterRegistrationBean:248] Mapping filter: 'formContentFilter' to: [/*]
2018-12-26 00:39:33.707  INFO(2533)[restartedMain] [o.s.b.w.s.FilterRegistrationBean:248] Mapping filter: 'requestContextFilter' to: [/*]
2018-12-26 00:39:33.905  INFO(2533)[restartedMain] [k.o.ddit.commons.schedul.Timer:34] exampleTimer init
